<?xml version="1.0" encoding="UTF-8"?>
<testng-results skipped="0" failed="0" total="1" passed="1">
  <reporter-output>
  </reporter-output>
  <suite name="com.test.appium.dryrun.WordPressAndroidTest" duration-ms="24363" started-at="2015-08-29T12:15:10Z" finished-at="2015-08-29T12:15:34Z">
    <groups>
    </groups>
    <test name="Command line test" duration-ms="24363" started-at="2015-08-29T12:15:10Z" finished-at="2015-08-29T12:15:34Z">
      <class name="com.test.appium.dryrun.WordPressAndroidTest">
        <test-method status="PASS" signature="validAuthenticationTest()[pri:0, instance:com.test.appium.dryrun.WordPressAndroidTest@5315b42e]" name="validAuthenticationTest" is-config="true" duration-ms="8995" started-at="2015-08-29T17:45:10Z" finished-at="2015-08-29T17:45:19Z">
          <reporter-output>
          </reporter-output>
        </test-method> <!-- validAuthenticationTest -->
        <test-method status="PASS" signature="testParallel()[pri:0, instance:com.test.appium.dryrun.WordPressAndroidTest@5315b42e]" name="testParallel" duration-ms="15355" started-at="2015-08-29T17:45:19Z" finished-at="2015-08-29T17:45:34Z">
          <reporter-output>
          </reporter-output>
        </test-method> <!-- testParallel -->
        <test-method status="PASS" signature="kill()[pri:0, instance:com.test.appium.dryrun.WordPressAndroidTest@5315b42e]" name="kill" is-config="true" duration-ms="7" started-at="2015-08-29T17:45:34Z" finished-at="2015-08-29T17:45:34Z">
          <reporter-output>
          </reporter-output>
        </test-method> <!-- kill -->
      </class> <!-- com.test.appium.dryrun.WordPressAndroidTest -->
    </test> <!-- Command line test -->
  </suite> <!-- com.test.appium.dryrun.WordPressAndroidTest -->
</testng-results>
